{"createdAt":"1638785507","event":"click","productName":"垃圾袋"}
{"createdAt":"1638785508","event":"share","productName":"清洁抹布"}
{"createdAt":"1638785509","event":"favor","productName":"垃圾桶"}
{"createdAt":"1638785510","event":"comment","productName":"外科医用口罩10片装"}
{"createdAt":"1638785511","event":"click","productName":"小苏打抑菌洗手液"}
{"createdAt":"1638785512","event":"share","productName":"免洗凝胶3瓶装"}
{"createdAt":"1638785513","event":"favor","productName":"维达手帕纸10包装"}
{"createdAt":"1638785514","event":"comment","productName":"304不锈钢两格保温饭盒"}
{"createdAt":"1638785515","event":"click","productName":"小米定制充电宝"}
{"createdAt":"1638785516","event":"share","productName":"彩色1米三合一数据线"}
{"createdAt":"1638785517","event":"favor","productName":"维达卷纸"}
{"createdAt":"1638785518","event":"comment","productName":"维达抽纸24包"}
{"createdAt":"1638785519","event":"click","productName":"马克杯对杯套装"}
{"createdAt":"1638785520","event":"share","productName":"桌面无线充"}
{"createdAt":"1638785521","event":"favor","productName":"垃圾袋"}
{"createdAt":"1638785522","event":"comment","productName":"清洁抹布"}
{"createdAt":"1638785523","event":"click","productName":"垃圾桶"}
{"createdAt":"1638785524","event":"share","productName":"外科医用口罩10片装"}
{"createdAt":"1638785525","event":"favor","productName":"小苏打抑菌洗手液"}
{"createdAt":"1638785526","event":"comment","productName":"免洗凝胶3瓶装"}
{"createdAt":"1638785527","event":"click","productName":"维达手帕纸10包装"}
{"createdAt":"1638785528","event":"share","productName":"304不锈钢两格保温饭盒"}
{"createdAt":"1638785529","event":"favor","productName":"小米定制充电宝"}
{"createdAt":"1638785530","event":"comment","productName":"彩色1米三合一数据线"}
{"createdAt":"1638785531","event":"click","productName":"维达卷纸"}
{"createdAt":"1638785532","event":"share","productName":"维达抽纸24包"}
{"createdAt":"1638785533","event":"favor","productName":"马克杯对杯套装"}
{"createdAt":"1638785534","event":"comment","productName":"桌面无线充"}
{"createdAt":"1638785535","event":"click","productName":"便携MINI榨汁机"}
{"createdAt":"1638785536","event":"share","productName":"清洁抹布"}
{"createdAt":"1638785537","event":"favor","productName":"垃圾桶"}
{"createdAt":"1638785538","event":"comment","productName":"外科医用口罩11片装"}
{"createdAt":"1638785539","event":"click","productName":"小苏打抑菌洗手液"}
{"createdAt":"1638785540","event":"share","productName":"免洗凝胶4瓶装"}
{"createdAt":"1638785541","event":"favor","productName":"维达手帕纸11包装"}
{"createdAt":"1638785542","event":"comment","productName":"305不锈钢两格保温饭盒"}
{"createdAt":"1638785543","event":"click","productName":"小米定制充电宝"}
{"createdAt":"1638785544","event":"share","productName":"彩色2米三合一数据线"}
{"createdAt":"1638785545","event":"favor","productName":"维达卷纸"}
{"createdAt":"1638785546","event":"comment","productName":"维达抽纸25包"}
{"createdAt":"1638785547","event":"click","productName":"马克杯对杯套装"}
{"createdAt":"1638785548","event":"share","productName":"桌面无线充"}
{"createdAt":"1638785549","event":"favor","productName":"便携MINI榨汁机"}
{"createdAt":"1638785550","event":"comment","productName":"清洁抹布"}
{"createdAt":"1638785551","event":"click","productName":"垃圾桶"}
{"createdAt":"1638785552","event":"share","productName":"外科医用口罩12片装"}
{"createdAt":"1638785553","event":"favor","productName":"小苏打抑菌洗手液"}
{"createdAt":"1638785554","event":"comment","productName":"免洗凝胶5瓶装"}
{"createdAt":"1638785555","event":"click","productName":"维达手帕纸12包装"}
{"createdAt":"1638785556","event":"share","productName":"306不锈钢两格保温饭盒"}
{"createdAt":"1638785557","event":"favor","productName":"小米定制充电宝"}
{"createdAt":"1638785558","event":"comment","productName":"彩色3米三合一数据线"}
{"createdAt":"1638785559","event":"click","productName":"维达卷纸"}
{"createdAt":"1638785560","event":"share","productName":"维达抽纸26包"}
{"createdAt":"1638785561","event":"favor","productName":"马克杯对杯套装"}
{"createdAt":"1638785562","event":"comment","productName":"桌面无线充"}
{"createdAt":"1638785563","event":"click","productName":"便携MINI榨汁机"}
{"createdAt":"1638785564","event":"share","productName":"清洁抹布"}
{"createdAt":"1638785565","event":"favor","productName":"垃圾桶"}
{"createdAt":"1638785566","event":"comment","productName":"外科医用口罩13片装"}
{"createdAt":"1638785567","event":"click","productName":"小苏打抑菌洗手液"}
{"createdAt":"1638785568","event":"share","productName":"免洗凝胶6瓶装"}
{"createdAt":"1638785569","event":"favor","productName":"维达手帕纸13包装"}
{"createdAt":"1638785570","event":"comment","productName":"307不锈钢两格保温饭盒"}
{"createdAt":"1638785571","event":"click","productName":"小米定制充电宝"}
{"createdAt":"1638785572","event":"share","productName":"彩色4米三合一数据线"}
{"createdAt":"1638785573","event":"favor","productName":"维达卷纸"}
{"createdAt":"1638785574","event":"comment","productName":"维达抽纸27包"}
{"createdAt":"1638785575","event":"click","productName":"马克杯对杯套装"}
{"createdAt":"1638785576","event":"share","productName":"桌面无线充"}
{"createdAt":"1638785577","event":"favor","productName":"便携MINI榨汁机"}
{"createdAt":"1638785578","event":"comment","productName":"清洁抹布"}
{"createdAt":"1638785579","event":"click","productName":"垃圾桶"}
{"createdAt":"1638785580","event":"share","productName":"外科医用口罩14片装"}
{"createdAt":"1638785581","event":"favor","productName":"小苏打抑菌洗手液"}
{"createdAt":"1638785582","event":"comment","productName":"免洗凝胶7瓶装"}
{"createdAt":"1638785583","event":"click","productName":"维达手帕纸14包装"}
{"createdAt":"1638785584","event":"share","productName":"308不锈钢两格保温饭盒"}
{"createdAt":"1638785585","event":"favor","productName":"小米定制充电宝"}
{"createdAt":"1638785586","event":"comment","productName":"彩色5米三合一数据线"}
{"createdAt":"1638785587","event":"click","productName":"维达卷纸"}
{"createdAt":"1638785588","event":"share","productName":"维达抽纸32包"}
{"createdAt":"1638785589","event":"favor","productName":"马克杯对杯套装"}
{"createdAt":"1638785590","event":"comment","productName":"桌面无线充"}
{"createdAt":"1638785591","event":"click","productName":"便携MINI榨汁机"}
{"createdAt":"1638785592","event":"share","productName":"清洁抹布"}
{"createdAt":"1638785593","event":"favor","productName":"垃圾桶"}
{"createdAt":"1638785594","event":"comment","productName":"外科医用口罩15片装"}
{"createdAt":"1638785595","event":"click","productName":"小苏打抑菌洗手液"}
{"createdAt":"1638785596","event":"share","productName":"免洗凝胶8瓶装"}
{"createdAt":"1638785597","event":"favor","productName":"维达手帕纸15包装"}
{"createdAt":"1638785598","event":"comment","productName":"309不锈钢两格保温饭盒"}
{"createdAt":"1638785599","event":"click","productName":"小米定制充电宝"}
{"createdAt":"1638785600","event":"share","productName":"彩色6米三合一数据线"}
{"createdAt":"1638785601","event":"favor","productName":"维达卷纸"}
{"createdAt":"1638785602","event":"comment","productName":"维达抽纸32包"}
{"createdAt":"1638785603","event":"click","productName":"马克杯对杯套装"}
{"createdAt":"1638785604","event":"share","productName":"桌面无线充"}
{"createdAt":"1638785605","event":"favor","productName":"便携MINI榨汁机"}
{"createdAt":"1638785606","event":"comment","productName":"清洁抹布"}
{"createdAt":"1638785607","event":"click","productName":"垃圾桶"}
{"createdAt":"1638785608","event":"share","productName":"外科医用口罩16片装"}
{"createdAt":"1638785609","event":"favor","productName":"小苏打抑菌洗手液"}
{"createdAt":"1638785610","event":"comment","productName":"免洗凝胶9瓶装"}
{"createdAt":"1638785611","event":"click","productName":"维达手帕纸16包装"}
{"createdAt":"1638785612","event":"share","productName":"310不锈钢两格保温饭盒"}
{"createdAt":"1638785613","event":"favor","productName":"小米定制充电宝"}
{"createdAt":"1638785614","event":"comment","productName":"彩色7米三合一数据线"}
{"createdAt":"1638785615","event":"click","productName":"维达卷纸"}
{"createdAt":"1638785616","event":"share","productName":"维达抽纸32包"}
{"createdAt":"1638785617","event":"favor","productName":"马克杯对杯套装"}
{"createdAt":"1638785618","event":"comment","productName":"桌面无线充"}
{"createdAt":"1638785619","event":"click","productName":"便携MINI榨汁机"}
{"createdAt":"1638785620","event":"share","productName":"清洁抹布"}
{"createdAt":"1638785621","event":"favor","productName":"垃圾桶"}
{"createdAt":"1638785622","event":"comment","productName":"外科医用口罩17片装"}
{"createdAt":"1638785623","event":"click","productName":"小苏打抑菌洗手液"}
{"createdAt":"1638785624","event":"share","productName":"免洗凝胶10瓶装"}
{"createdAt":"1638785625","event":"favor","productName":"维达手帕纸17包装"}
{"createdAt":"1638785626","event":"comment","productName":"311不锈钢两格保温饭盒"}
{"createdAt":"1638785627","event":"click","productName":"小米定制充电宝"}
{"createdAt":"1638785628","event":"share","productName":"彩色8米三合一数据线"}
{"createdAt":"1638785629","event":"favor","productName":"维达卷纸"}
{"createdAt":"1638785630","event":"comment","productName":"维达抽纸32包"}
{"createdAt":"1638785631","event":"click","productName":"马克杯对杯套装"}
{"createdAt":"1638785632","event":"share","productName":"桌面无线充"}
{"createdAt":"1638785633","event":"favor","productName":"便携MINI榨汁机"}
{"createdAt":"1638785634","event":"comment","productName":"清洁抹布"}
{"createdAt":"1638785635","event":"click","productName":"垃圾桶"}
{"createdAt":"1638785636","event":"share","productName":"外科医用口罩18片装"}
{"createdAt":"1638785637","event":"favor","productName":"小苏打抑菌洗手液"}
{"createdAt":"1638785638","event":"comment","productName":"免洗凝胶11瓶装"}
{"createdAt":"1638785639","event":"click","productName":"维达手帕纸18包装"}
{"createdAt":"1638785640","event":"share","productName":"312不锈钢两格保温饭盒"}
{"createdAt":"1638785641","event":"favor","productName":"小米定制充电宝"}
{"createdAt":"1638785642","event":"comment","productName":"彩色9米三合一数据线"}
{"createdAt":"1638785643","event":"click","productName":"维达卷纸"}
{"createdAt":"1638785644","event":"share","productName":"维达抽纸32包"}
{"createdAt":"1638785645","event":"favor","productName":"马克杯对杯套装"}
{"createdAt":"1638785646","event":"comment","productName":"桌面无线充"}
{"createdAt":"1638785647","event":"click","productName":"便携MINI榨汁机"}
{"createdAt":"1638785648","event":"share","productName":"清洁抹布"}
{"createdAt":"1638785649","event":"favor","productName":"垃圾桶"}
{"createdAt":"1638785650","event":"comment","productName":"外科医用口罩19片装"}
{"createdAt":"1638785651","event":"click","productName":"小苏打抑菌洗手液"}
{"createdAt":"1638785652","event":"share","productName":"免洗凝胶12瓶装"}
{"createdAt":"1638785653","event":"favor","productName":"维达手帕纸19包装"}
{"createdAt":"1638785654","event":"comment","productName":"313不锈钢两格保温饭盒"}
{"createdAt":"1638785655","event":"click","productName":"小米定制充电宝"}
{"createdAt":"1638785656","event":"share","productName":"彩色10米三合一数据线"}
{"createdAt":"1638785657","event":"favor","productName":"维达卷纸"}
{"createdAt":"1638785658","event":"comment","productName":"维达抽纸34包"}
{"createdAt":"1638785659","event":"click","productName":"马克杯对杯套装"}
{"createdAt":"1638785660","event":"share","productName":"桌面无线充"}
{"createdAt":"1638785661","event":"favor","productName":"便携MINI榨汁机"}
{"createdAt":"1638785662","event":"comment","productName":"清洁抹布"}
{"createdAt":"1638785663","event":"click","productName":"垃圾桶"}
{"createdAt":"1638785664","event":"share","productName":"外科医用口罩20片装"}
{"createdAt":"1638785665","event":"favor","productName":"小苏打抑菌洗手液"}
{"createdAt":"1638785666","event":"comment","productName":"免洗凝胶13瓶装"}
{"createdAt":"1638785667","event":"click","productName":"维达手帕纸20包装"}
{"createdAt":"1638785668","event":"share","productName":"314不锈钢两格保温饭盒"}
{"createdAt":"1638785669","event":"favor","productName":"小米定制充电宝"}
{"createdAt":"1638785670","event":"comment","productName":"彩色11米三合一数据线"}
{"createdAt":"1638785671","event":"click","productName":"维达卷纸"}
{"createdAt":"1638785672","event":"share","productName":"维达抽纸34包"}
{"createdAt":"1638785673","event":"favor","productName":"马克杯对杯套装"}
{"createdAt":"1638785674","event":"comment","productName":"桌面无线充"}
{"createdAt":"1638785675","event":"click","productName":"便携MINI榨汁机"}
{"createdAt":"1638785676","event":"share","productName":"清洁抹布"}
{"createdAt":"1638785677","event":"favor","productName":"垃圾桶"}
{"createdAt":"1638785678","event":"comment","productName":"外科医用口罩21片装"}
{"createdAt":"1638785679","event":"click","productName":"小苏打抑菌洗手液"}
{"createdAt":"1638785680","event":"share","productName":"免洗凝胶14瓶装"}
{"createdAt":"1638785681","event":"favor","productName":"维达手帕纸21包装"}
{"createdAt":"1638785682","event":"comment","productName":"315不锈钢两格保温饭盒"}
{"createdAt":"1638785683","event":"click","productName":"小米定制充电宝"}
{"createdAt":"1638785684","event":"share","productName":"彩色12米三合一数据线"}
{"createdAt":"1638785685","event":"favor","productName":"维达卷纸"}
{"createdAt":"1638785686","event":"comment","productName":"维达抽纸35包"}
