{"createdAt":"1638785507000","event":"click","productName":"垃圾袋"}
{"createdAt":"1638785508000","event":"share","productName":"清洁抹布"}
{"createdAt":"1638785509000","event":"favor","productName":"垃圾桶"}
{"createdAt":"1638785510000","event":"comment","productName":"外科医用口罩10片装"}
{"createdAt":"1638785511000","event":"click","productName":"垃圾袋"}
{"createdAt":"1638785512000","event":"share","productName":"免洗凝胶3瓶装"}
{"createdAt":"1638785513000","event":"favor","productName":"维达手帕纸10包装"}
{"createdAt":"1638785514000","event":"comment","productName":"304不锈钢两格保温饭盒"}
{"createdAt":"1638785515000","event":"click","productName":"垃圾袋"}
{"createdAt":"1638785516000","event":"share","productName":"彩色1米三合一数据线"}
{"createdAt":"1638785517000","event":"favor","productName":"维达卷纸"}
{"createdAt":"1638785518000","event":"comment","productName":"维达抽纸24包"}
{"createdAt":"1638785519000","event":"click","productName":"马克杯对杯套装"}
{"createdAt":"1638785520000","event":"share","productName":"桌面无线充"}
{"createdAt":"1638785521000","event":"favor","productName":"垃圾袋"}
{"createdAt":"1638785522000","event":"comment","productName":"清洁抹布"}
{"createdAt":"1638785523000","event":"click","productName":"垃圾桶"}
{"createdAt":"1638785524000","event":"share","productName":"外科医用口罩10片装"}
{"createdAt":"1638785525000","event":"favor","productName":"小苏打抑菌洗手液"}
{"createdAt":"1638785526000","event":"comment","productName":"免洗凝胶3瓶装"}
{"createdAt":"1638785527000","event":"click","productName":"垃圾袋"}
{"createdAt":"1638785528000","event":"share","productName":"304不锈钢两格保温饭盒"}
{"createdAt":"1638785529000","event":"favor","productName":"小米定制充电宝"}
{"createdAt":"1638785530000","event":"click","productName":"垃圾袋"}
{"createdAt":"1638785531000","event":"click","productName":"维达卷纸"}
{"createdAt":"1638785532000","event":"share","productName":"维达抽纸24包"}
{"createdAt":"1638785533000","event":"favor","productName":"马克杯对杯套装"}
{"createdAt":"1638785534000","event":"comment","productName":"桌面无线充"}
{"createdAt":"1638785535000","event":"click","productName":"便携MINI榨汁机"}
{"createdAt":"1638785536000","event":"share","productName":"清洁抹布"}
{"createdAt":"1638785537000","event":"favor","productName":"垃圾桶"}
{"createdAt":"1638785538000","event":"comment","productName":"外科医用口罩11片装"}
{"createdAt":"1638785539000","event":"click","productName":"小苏打抑菌洗手液"}
{"createdAt":"1638785540000","event":"share","productName":"免洗凝胶4瓶装"}
{"createdAt":"1638785541000","event":"favor","productName":"维达手帕纸11包装"}
{"createdAt":"1638785542000","event":"click","productName":"垃圾袋"}
{"createdAt":"1638785543000","event":"click","productName":"小米定制充电宝"}
{"createdAt":"1638785544000","event":"share","productName":"彩色2米三合一数据线"}
{"createdAt":"1638785545000","event":"favor","productName":"维达卷纸"}
{"createdAt":"1638785546000","event":"comment","productName":"维达抽纸25包"}
{"createdAt":"1638785547000","event":"click","productName":"马克杯对杯套装"}
{"createdAt":"1638785548000","event":"share","productName":"桌面无线充"}
{"createdAt":"1638785549000","event":"click","productName":"垃圾袋"}
{"createdAt":"1638785550000","event":"comment","productName":"清洁抹布"}
{"createdAt":"1638785551000","event":"click","productName":"垃圾桶"}
{"createdAt":"1638785552000","event":"share","productName":"外科医用口罩12片装"}
{"createdAt":"1638785553000","event":"favor","productName":"小苏打抑菌洗手液"}
{"createdAt":"1638785554000","event":"comment","productName":"免洗凝胶5瓶装"}
{"createdAt":"1638785555000","event":"click","productName":"维达手帕纸12包装"}
{"createdAt":"1638785556000","event":"click","productName":"垃圾袋"}
{"createdAt":"1638785557000","event":"favor","productName":"小米定制充电宝"}
{"createdAt":"1638785558000","event":"comment","productName":"彩色3米三合一数据线"}
{"createdAt":"1638785559000","event":"click","productName":"维达卷纸"}
{"createdAt":"1638785560000","event":"share","productName":"维达抽纸26包"}
{"createdAt":"1638785561000","event":"favor","productName":"马克杯对杯套装"}
{"createdAt":"1638785562000","event":"comment","productName":"桌面无线充"}
{"createdAt":"1638785563000","event":"click","productName":"垃圾袋"}
{"createdAt":"1638785564000","event":"share","productName":"清洁抹布"}
{"createdAt":"1638785565000","event":"favor","productName":"垃圾桶"}
{"createdAt":"1638785566000","event":"comment","productName":"外科医用口罩13片装"}
{"createdAt":"1638785567000","event":"click","productName":"小苏打抑菌洗手液"}
{"createdAt":"1638785568000","event":"share","productName":"免洗凝胶6瓶装"}
{"createdAt":"1638785569000","event":"favor","productName":"维达手帕纸13包装"}
{"createdAt":"1638785570000","event":"comment","productName":"307不锈钢两格保温饭盒"}
{"createdAt":"1638785571000","event":"click","productName":"小米定制充电宝"}
{"createdAt":"1638785572000","event":"share","productName":"彩色4米三合一数据线"}
{"createdAt":"1638785573000","event":"favor","productName":"维达卷纸"}
{"createdAt":"1638785574000","event":"comment","productName":"维达抽纸27包"}
{"createdAt":"1638785575000","event":"click","productName":"马克杯对杯套装"}
{"createdAt":"1638785576000","event":"share","productName":"桌面无线充"}
{"createdAt":"1638785577000","event":"favor","productName":"便携MINI榨汁机"}
{"createdAt":"1638785578000","event":"comment","productName":"清洁抹布"}
{"createdAt":"1638785579000","event":"click","productName":"垃圾桶"}
{"createdAt":"1638785580000","event":"share","productName":"外科医用口罩14片装"}
{"createdAt":"1638785581000","event":"favor","productName":"小苏打抑菌洗手液"}
{"createdAt":"1638785582000","event":"comment","productName":"免洗凝胶7瓶装"}
{"createdAt":"1638785583000","event":"click","productName":"维达手帕纸14包装"}
{"createdAt":"1638785584000","event":"share","productName":"308不锈钢两格保温饭盒"}
{"createdAt":"1638785585000","event":"favor","productName":"小米定制充电宝"}
{"createdAt":"1638785586000","event":"comment","productName":"彩色5米三合一数据线"}
{"createdAt":"1638785587000","event":"click","productName":"维达卷纸"}
{"createdAt":"1638785588000","event":"share","productName":"维达抽纸32包"}
{"createdAt":"1638785589000","event":"favor","productName":"马克杯对杯套装"}
{"createdAt":"1638785590000","event":"comment","productName":"桌面无线充"}
{"createdAt":"1638785591000","event":"click","productName":"便携MINI榨汁机"}
{"createdAt":"1638785592000","event":"share","productName":"清洁抹布"}
{"createdAt":"1638785593000","event":"favor","productName":"垃圾桶"}
{"createdAt":"1638785594000","event":"comment","productName":"外科医用口罩15片装"}
{"createdAt":"1638785595000","event":"click","productName":"小苏打抑菌洗手液"}
{"createdAt":"1638785596000","event":"share","productName":"免洗凝胶8瓶装"}
{"createdAt":"1638785597000","event":"favor","productName":"维达手帕纸15包装"}
{"createdAt":"1638785598000","event":"comment","productName":"309不锈钢两格保温饭盒"}
{"createdAt":"1638785599000","event":"click","productName":"小米定制充电宝"}
{"createdAt":"1638785600000","event":"share","productName":"彩色6米三合一数据线"}
{"createdAt":"1638785601000","event":"favor","productName":"维达卷纸"}
{"createdAt":"1638785602000","event":"comment","productName":"维达抽纸32包"}
{"createdAt":"1638785603000","event":"click","productName":"马克杯对杯套装"}
{"createdAt":"1638785604000","event":"share","productName":"桌面无线充"}
{"createdAt":"1638785605000","event":"favor","productName":"便携MINI榨汁机"}
{"createdAt":"1638785606000","event":"comment","productName":"清洁抹布"}
{"createdAt":"1638785607000","event":"click","productName":"垃圾桶"}
{"createdAt":"1638785608000","event":"share","productName":"外科医用口罩16片装"}
{"createdAt":"1638785609000","event":"favor","productName":"小苏打抑菌洗手液"}
{"createdAt":"1638785610000","event":"comment","productName":"免洗凝胶9瓶装"}
{"createdAt":"1638785611000","event":"click","productName":"维达手帕纸16包装"}
{"createdAt":"1638785612000","event":"share","productName":"310不锈钢两格保温饭盒"}
{"createdAt":"1638785613000","event":"favor","productName":"小米定制充电宝"}
{"createdAt":"1638785614000","event":"comment","productName":"彩色7米三合一数据线"}
{"createdAt":"1638785615000","event":"click","productName":"维达卷纸"}
{"createdAt":"1638785616000","event":"share","productName":"维达抽纸32包"}
{"createdAt":"1638785617000","event":"favor","productName":"马克杯对杯套装"}
{"createdAt":"1638785618000","event":"comment","productName":"桌面无线充"}
{"createdAt":"1638785619000","event":"click","productName":"便携MINI榨汁机"}
{"createdAt":"1638785620000","event":"share","productName":"清洁抹布"}
{"createdAt":"1638785621000","event":"favor","productName":"垃圾桶"}
{"createdAt":"1638785622000","event":"comment","productName":"外科医用口罩17片装"}
{"createdAt":"1638785623000","event":"click","productName":"小苏打抑菌洗手液"}
{"createdAt":"1638785624000","event":"share","productName":"免洗凝胶10瓶装"}
{"createdAt":"1638785625000","event":"favor","productName":"维达手帕纸17包装"}
{"createdAt":"1638785626000","event":"comment","productName":"311不锈钢两格保温饭盒"}
{"createdAt":"1638785627000","event":"click","productName":"小米定制充电宝"}
{"createdAt":"1638785628000","event":"share","productName":"彩色8米三合一数据线"}
{"createdAt":"1638785629000","event":"favor","productName":"维达卷纸"}
{"createdAt":"1638785630000","event":"comment","productName":"维达抽纸32包"}
{"createdAt":"1638785631000","event":"click","productName":"马克杯对杯套装"}
{"createdAt":"1638785632000","event":"share","productName":"桌面无线充"}
{"createdAt":"1638785633000","event":"favor","productName":"便携MINI榨汁机"}
{"createdAt":"1638785634000","event":"comment","productName":"清洁抹布"}
{"createdAt":"1638785635000","event":"click","productName":"垃圾桶"}
{"createdAt":"1638785636000","event":"share","productName":"外科医用口罩18片装"}
{"createdAt":"1638785637000","event":"favor","productName":"小苏打抑菌洗手液"}
{"createdAt":"1638785638000","event":"comment","productName":"免洗凝胶11瓶装"}
{"createdAt":"1638785639000","event":"click","productName":"维达手帕纸18包装"}
{"createdAt":"1638785640000","event":"share","productName":"312不锈钢两格保温饭盒"}
{"createdAt":"1638785641000","event":"favor","productName":"小米定制充电宝"}
{"createdAt":"1638785642000","event":"comment","productName":"彩色9米三合一数据线"}
{"createdAt":"1638785643000","event":"click","productName":"维达卷纸"}
{"createdAt":"1638785644000","event":"share","productName":"维达抽纸32包"}
{"createdAt":"1638785645000","event":"favor","productName":"马克杯对杯套装"}
{"createdAt":"1638785646000","event":"comment","productName":"桌面无线充"}
{"createdAt":"1638785647000","event":"click","productName":"便携MINI榨汁机"}
{"createdAt":"1638785648000","event":"share","productName":"清洁抹布"}
{"createdAt":"1638785649000","event":"favor","productName":"垃圾桶"}
{"createdAt":"1638785650000","event":"comment","productName":"外科医用口罩19片装"}
{"createdAt":"1638785651000","event":"click","productName":"小苏打抑菌洗手液"}
{"createdAt":"1638785652000","event":"share","productName":"免洗凝胶12瓶装"}
{"createdAt":"1638785653000","event":"favor","productName":"维达手帕纸19包装"}
{"createdAt":"1638785654000","event":"comment","productName":"313不锈钢两格保温饭盒"}
{"createdAt":"1638785655000","event":"click","productName":"小米定制充电宝"}
{"createdAt":"1638785656000","event":"share","productName":"彩色10米三合一数据线"}
{"createdAt":"1638785657000","event":"favor","productName":"维达卷纸"}
{"createdAt":"1638785658000","event":"comment","productName":"维达抽纸34包"}
{"createdAt":"1638785659000","event":"click","productName":"马克杯对杯套装"}
{"createdAt":"1638785660000","event":"share","productName":"桌面无线充"}
{"createdAt":"1638785661000","event":"favor","productName":"便携MINI榨汁机"}
{"createdAt":"1638785662000","event":"comment","productName":"清洁抹布"}
{"createdAt":"1638785663000","event":"click","productName":"垃圾桶"}
{"createdAt":"1638785664000","event":"share","productName":"外科医用口罩20片装"}
{"createdAt":"1638785665000","event":"favor","productName":"小苏打抑菌洗手液"}
{"createdAt":"1638785666000","event":"comment","productName":"免洗凝胶13瓶装"}
{"createdAt":"1638785667000","event":"click","productName":"维达手帕纸20包装"}
{"createdAt":"1638785668000","event":"share","productName":"314不锈钢两格保温饭盒"}
{"createdAt":"1638785669000","event":"favor","productName":"小米定制充电宝"}
{"createdAt":"1638785670000","event":"comment","productName":"彩色11米三合一数据线"}
{"createdAt":"1638785671000","event":"click","productName":"维达卷纸"}
{"createdAt":"1638785672000","event":"share","productName":"维达抽纸34包"}
{"createdAt":"1638785673000","event":"favor","productName":"马克杯对杯套装"}
{"createdAt":"1638785674000","event":"comment","productName":"桌面无线充"}
{"createdAt":"1638785675000","event":"click","productName":"便携MINI榨汁机"}
{"createdAt":"1638785676000","event":"share","productName":"清洁抹布"}
{"createdAt":"1638785677000","event":"favor","productName":"垃圾桶"}
{"createdAt":"1638785678000","event":"comment","productName":"外科医用口罩21片装"}
{"createdAt":"1638785679000","event":"click","productName":"小苏打抑菌洗手液"}
{"createdAt":"1638785680000","event":"share","productName":"免洗凝胶14瓶装"}
{"createdAt":"1638785681000","event":"favor","productName":"维达手帕纸21包装"}
{"createdAt":"1638785682000","event":"comment","productName":"315不锈钢两格保温饭盒"}
{"createdAt":"1638785683000","event":"click","productName":"小米定制充电宝"}
{"createdAt":"1638785684000","event":"share","productName":"彩色12米三合一数据线"}
{"createdAt":"1638785685000","event":"favor","productName":"维达卷纸"}
{"createdAt":"1638785686000","event":"comment","productName":"维达抽纸35包"}
